{
  "uid" : "7d36b78928e643a0",
  "name" : "Тест смены пароля для юзера apexknight@yandex.ru",
  "fullName" : "tests.ui.change_password.test_change_password#test_change_password_ui_dev",
  "historyId" : "cced318d65eb1a3a4996e14e66146ebc",
  "time" : {
    "start" : 1732618454296,
    "stop" : 1732618487398,
    "duration" : 33102
  },
  "status" : "broken",
  "statusMessage" : "selenium.common.exceptions.TimeoutException: Message: \nStacktrace:\nRemoteError@chrome://remote/content/shared/RemoteError.sys.mjs:8:8\nWebDriverError@chrome://remote/content/shared/webdriver/Errors.sys.mjs:193:5\nNoSuchElementError@chrome://remote/content/shared/webdriver/Errors.sys.mjs:511:5\ndom.find/</<@chrome://remote/content/shared/DOM.sys.mjs:136:16",
  "statusTrace" : "setup_driver = <selenium.webdriver.firefox.webdriver.WebDriver (session=\"879499b5-aaef-4c5c-88f5-69d77dd929e8\")>\n\n    @pytest.mark.dev\n    @allure.story(\"Тест смены пароля на фронте\")\n    @allure.title(f\"Тест смены пароля для юзера {mail}\")\n    def test_change_password_ui_dev(setup_driver):\n        landing = os.getenv('LANDING_DEV')\n        driver = setup_driver\n        driver.get(landing)\n    \n        change_password_page = ChangePasswordPage(driver)\n    \n        with allure.step(\"Нажать кнопку 'Начать'\"):\n            change_password_page.click(\n                (By.XPATH, \"//button[contains(@class, 'button button--small button--dark started')]\"))\n    \n        with allure.step(\"Ввести адрес электронной почты и пароль\"):\n            change_password_page.enter_text((By.CSS_SELECTOR, \"input[type='email']\"), mail)\n            change_password_page.enter_text((By.CSS_SELECTOR, \"input[type='password']\"), passw)\n            change_password_page.driver.find_element(By.CSS_SELECTOR, \"input[type='password']\").send_keys(Keys.RETURN)\n    \n        with allure.step(\"Перейти в настройки\"):\n>           change_password_page.open_settings()\n\ntests/ui/change_password/test_change_password.py:36: \n_ _ _ _ _ _ _ _ _ _ _ _ _ _ _ _ _ _ _ _ _ _ _ _ _ _ _ _ _ _ _ _ _ _ _ _ _ _ _ _ \nbase/pages/change_password_page.py:11: in open_settings\n    self.click((By.CSS_SELECTOR, \"a[href='/settings']\"))\nbase/base_page.py:38: in click\n    button = self.wait_until_clickable(locator)\nbase/base_page.py:13: in wait_until_clickable\n    return WebDriverWait(self.driver, timeout).until(EC.element_to_be_clickable(locator))\n_ _ _ _ _ _ _ _ _ _ _ _ _ _ _ _ _ _ _ _ _ _ _ _ _ _ _ _ _ _ _ _ _ _ _ _ _ _ _ _ \n\nself = <selenium.webdriver.support.wait.WebDriverWait (session=\"879499b5-aaef-4c5c-88f5-69d77dd929e8\")>\nmethod = <function element_to_be_clickable.<locals>._predicate at 0x7f1dbcb8f910>\nmessage = ''\n\n    def until(self, method: Callable[[D], Union[Literal[False], T]], message: str = \"\") -> T:\n        \"\"\"Calls the method provided with the driver as an argument until the \\\n        return value does not evaluate to ``False``.\n    \n        :param method: callable(WebDriver)\n        :param message: optional message for :exc:`TimeoutException`\n        :returns: the result of the last call to `method`\n        :raises: :exc:`selenium.common.exceptions.TimeoutException` if timeout occurs\n        \"\"\"\n        screen = None\n        stacktrace = None\n    \n        end_time = time.monotonic() + self._timeout\n        while True:\n            try:\n                value = method(self._driver)\n                if value:\n                    return value\n            except self._ignored_exceptions as exc:\n                screen = getattr(exc, \"screen\", None)\n                stacktrace = getattr(exc, \"stacktrace\", None)\n            if time.monotonic() > end_time:\n                break\n            time.sleep(self._poll)\n>       raise TimeoutException(message, screen, stacktrace)\nE       selenium.common.exceptions.TimeoutException: Message: \nE       Stacktrace:\nE       RemoteError@chrome://remote/content/shared/RemoteError.sys.mjs:8:8\nE       WebDriverError@chrome://remote/content/shared/webdriver/Errors.sys.mjs:193:5\nE       NoSuchElementError@chrome://remote/content/shared/webdriver/Errors.sys.mjs:511:5\nE       dom.find/</<@chrome://remote/content/shared/DOM.sys.mjs:136:16\n\n/opt/hostedtoolcache/Python/3.10.15/x64/lib/python3.10/site-packages/selenium/webdriver/support/wait.py:105: TimeoutException",
  "flaky" : false,
  "newFailed" : false,
  "newBroken" : false,
  "newPassed" : false,
  "retriesCount" : 0,
  "retriesStatusChange" : false,
  "beforeStages" : [ {
    "name" : "setup_driver",
    "time" : {
      "start" : 1732618452049,
      "stop" : 1732618454295,
      "duration" : 2246
    },
    "status" : "passed",
    "steps" : [ ],
    "attachments" : [ ],
    "parameters" : [ ],
    "stepsCount" : 0,
    "attachmentsCount" : 0,
    "shouldDisplayMessage" : false,
    "hasContent" : false
  } ],
  "testStage" : {
    "status" : "broken",
    "statusMessage" : "selenium.common.exceptions.TimeoutException: Message: \nStacktrace:\nRemoteError@chrome://remote/content/shared/RemoteError.sys.mjs:8:8\nWebDriverError@chrome://remote/content/shared/webdriver/Errors.sys.mjs:193:5\nNoSuchElementError@chrome://remote/content/shared/webdriver/Errors.sys.mjs:511:5\ndom.find/</<@chrome://remote/content/shared/DOM.sys.mjs:136:16",
    "statusTrace" : "setup_driver = <selenium.webdriver.firefox.webdriver.WebDriver (session=\"879499b5-aaef-4c5c-88f5-69d77dd929e8\")>\n\n    @pytest.mark.dev\n    @allure.story(\"Тест смены пароля на фронте\")\n    @allure.title(f\"Тест смены пароля для юзера {mail}\")\n    def test_change_password_ui_dev(setup_driver):\n        landing = os.getenv('LANDING_DEV')\n        driver = setup_driver\n        driver.get(landing)\n    \n        change_password_page = ChangePasswordPage(driver)\n    \n        with allure.step(\"Нажать кнопку 'Начать'\"):\n            change_password_page.click(\n                (By.XPATH, \"//button[contains(@class, 'button button--small button--dark started')]\"))\n    \n        with allure.step(\"Ввести адрес электронной почты и пароль\"):\n            change_password_page.enter_text((By.CSS_SELECTOR, \"input[type='email']\"), mail)\n            change_password_page.enter_text((By.CSS_SELECTOR, \"input[type='password']\"), passw)\n            change_password_page.driver.find_element(By.CSS_SELECTOR, \"input[type='password']\").send_keys(Keys.RETURN)\n    \n        with allure.step(\"Перейти в настройки\"):\n>           change_password_page.open_settings()\n\ntests/ui/change_password/test_change_password.py:36: \n_ _ _ _ _ _ _ _ _ _ _ _ _ _ _ _ _ _ _ _ _ _ _ _ _ _ _ _ _ _ _ _ _ _ _ _ _ _ _ _ \nbase/pages/change_password_page.py:11: in open_settings\n    self.click((By.CSS_SELECTOR, \"a[href='/settings']\"))\nbase/base_page.py:38: in click\n    button = self.wait_until_clickable(locator)\nbase/base_page.py:13: in wait_until_clickable\n    return WebDriverWait(self.driver, timeout).until(EC.element_to_be_clickable(locator))\n_ _ _ _ _ _ _ _ _ _ _ _ _ _ _ _ _ _ _ _ _ _ _ _ _ _ _ _ _ _ _ _ _ _ _ _ _ _ _ _ \n\nself = <selenium.webdriver.support.wait.WebDriverWait (session=\"879499b5-aaef-4c5c-88f5-69d77dd929e8\")>\nmethod = <function element_to_be_clickable.<locals>._predicate at 0x7f1dbcb8f910>\nmessage = ''\n\n    def until(self, method: Callable[[D], Union[Literal[False], T]], message: str = \"\") -> T:\n        \"\"\"Calls the method provided with the driver as an argument until the \\\n        return value does not evaluate to ``False``.\n    \n        :param method: callable(WebDriver)\n        :param message: optional message for :exc:`TimeoutException`\n        :returns: the result of the last call to `method`\n        :raises: :exc:`selenium.common.exceptions.TimeoutException` if timeout occurs\n        \"\"\"\n        screen = None\n        stacktrace = None\n    \n        end_time = time.monotonic() + self._timeout\n        while True:\n            try:\n                value = method(self._driver)\n                if value:\n                    return value\n            except self._ignored_exceptions as exc:\n                screen = getattr(exc, \"screen\", None)\n                stacktrace = getattr(exc, \"stacktrace\", None)\n            if time.monotonic() > end_time:\n                break\n            time.sleep(self._poll)\n>       raise TimeoutException(message, screen, stacktrace)\nE       selenium.common.exceptions.TimeoutException: Message: \nE       Stacktrace:\nE       RemoteError@chrome://remote/content/shared/RemoteError.sys.mjs:8:8\nE       WebDriverError@chrome://remote/content/shared/webdriver/Errors.sys.mjs:193:5\nE       NoSuchElementError@chrome://remote/content/shared/webdriver/Errors.sys.mjs:511:5\nE       dom.find/</<@chrome://remote/content/shared/DOM.sys.mjs:136:16\n\n/opt/hostedtoolcache/Python/3.10.15/x64/lib/python3.10/site-packages/selenium/webdriver/support/wait.py:105: TimeoutException",
    "steps" : [ {
      "name" : "Нажать кнопку 'Начать'",
      "time" : {
        "start" : 1732618455742,
        "stop" : 1732618457055,
        "duration" : 1313
      },
      "status" : "passed",
      "steps" : [ ],
      "attachments" : [ ],
      "parameters" : [ ],
      "stepsCount" : 0,
      "attachmentsCount" : 0,
      "shouldDisplayMessage" : false,
      "hasContent" : false
    }, {
      "name" : "Ввести адрес электронной почты и пароль",
      "time" : {
        "start" : 1732618457055,
        "stop" : 1732618457167,
        "duration" : 112
      },
      "status" : "passed",
      "steps" : [ ],
      "attachments" : [ ],
      "parameters" : [ ],
      "stepsCount" : 0,
      "attachmentsCount" : 0,
      "shouldDisplayMessage" : false,
      "hasContent" : false
    }, {
      "name" : "Перейти в настройки",
      "time" : {
        "start" : 1732618457167,
        "stop" : 1732618487398,
        "duration" : 30231
      },
      "status" : "broken",
      "statusMessage" : "selenium.common.exceptions.TimeoutException: Message: \nStacktrace:\nRemoteError@chrome://remote/content/shared/RemoteError.sys.mjs:8:8\nWebDriverError@chrome://remote/content/shared/webdriver/Errors.sys.mjs:193:5\nNoSuchElementError@chrome://remote/content/shared/webdriver/Errors.sys.mjs:511:5\ndom.find/</<@chrome://remote/content/shared/DOM.sys.mjs:136:16\n\n",
      "statusTrace" : "  File \"/home/runner/work/aqapp/aqapp/tests/ui/change_password/test_change_password.py\", line 36, in test_change_password_ui_dev\n    change_password_page.open_settings()\n  File \"/home/runner/work/aqapp/aqapp/base/pages/change_password_page.py\", line 11, in open_settings\n    self.click((By.CSS_SELECTOR, \"a[href='/settings']\"))\n  File \"/home/runner/work/aqapp/aqapp/base/base_page.py\", line 38, in click\n    button = self.wait_until_clickable(locator)\n  File \"/home/runner/work/aqapp/aqapp/base/base_page.py\", line 13, in wait_until_clickable\n    return WebDriverWait(self.driver, timeout).until(EC.element_to_be_clickable(locator))\n  File \"/opt/hostedtoolcache/Python/3.10.15/x64/lib/python3.10/site-packages/selenium/webdriver/support/wait.py\", line 105, in until\n    raise TimeoutException(message, screen, stacktrace)\n",
      "steps" : [ ],
      "attachments" : [ ],
      "parameters" : [ ],
      "stepsCount" : 0,
      "attachmentsCount" : 0,
      "shouldDisplayMessage" : true,
      "hasContent" : true
    } ],
    "attachments" : [ ],
    "parameters" : [ ],
    "stepsCount" : 3,
    "attachmentsCount" : 0,
    "shouldDisplayMessage" : true,
    "hasContent" : true
  },
  "afterStages" : [ {
    "name" : "setup_driver::0",
    "time" : {
      "start" : 1732618487405,
      "stop" : 1732618488061,
      "duration" : 656
    },
    "status" : "passed",
    "steps" : [ ],
    "attachments" : [ ],
    "parameters" : [ ],
    "stepsCount" : 0,
    "attachmentsCount" : 0,
    "shouldDisplayMessage" : false,
    "hasContent" : false
  } ],
  "labels" : [ {
    "name" : "story",
    "value" : "Тест смены пароля на фронте"
  }, {
    "name" : "tag",
    "value" : "dev"
  }, {
    "name" : "parentSuite",
    "value" : "tests.ui.change_password"
  }, {
    "name" : "suite",
    "value" : "test_change_password"
  }, {
    "name" : "host",
    "value" : "fv-az1728-984"
  }, {
    "name" : "thread",
    "value" : "2159-MainThread"
  }, {
    "name" : "framework",
    "value" : "pytest"
  }, {
    "name" : "language",
    "value" : "cpython3"
  }, {
    "name" : "package",
    "value" : "tests.ui.change_password.test_change_password"
  }, {
    "name" : "resultFormat",
    "value" : "allure2"
  } ],
  "parameters" : [ ],
  "links" : [ ],
  "hidden" : false,
  "retry" : false,
  "extra" : {
    "severity" : "normal",
    "retries" : [ ],
    "categories" : [ {
      "name" : "Test defects",
      "matchedStatuses" : [ ],
      "flaky" : false
    } ],
    "tags" : [ "dev" ]
  },
  "source" : "7d36b78928e643a0.json",
  "parameterValues" : [ ]
}