{
  "uid" : "d41e17c6a07fccaa",
  "name" : "Тест смены пароля для юзера None",
  "fullName" : "tests.ui.change_password.test_change_password#test_change_password_ui_dev",
  "historyId" : "cced318d65eb1a3a4996e14e66146ebc",
  "time" : {
    "start" : 1732614086724,
    "stop" : 1732614124374,
    "duration" : 37650
  },
  "status" : "broken",
  "statusMessage" : "selenium.common.exceptions.TimeoutException: Message: \nStacktrace:\n#0 0x5654b6af731a <unknown>\n#1 0x5654b660d6e0 <unknown>\n#2 0x5654b665c3e6 <unknown>\n#3 0x5654b665c681 <unknown>\n#4 0x5654b66a1b04 <unknown>\n#5 0x5654b668048d <unknown>\n#6 0x5654b669eed7 <unknown>\n#7 0x5654b6680203 <unknown>\n#8 0x5654b664ecc0 <unknown>\n#9 0x5654b664fc9e <unknown>\n#10 0x5654b6ac4d0b <unknown>\n#11 0x5654b6ac8c92 <unknown>\n#12 0x5654b6ab1b3c <unknown>\n#13 0x5654b6ac9807 <unknown>\n#14 0x5654b6a970df <unknown>\n#15 0x5654b6ae6578 <unknown>\n#16 0x5654b6ae6740 <unknown>\n#17 0x5654b6af6196 <unknown>\n#18 0x7fdf8f294ac3 <unknown>",
  "statusTrace" : "setup_driver = <selenium.webdriver.chrome.webdriver.WebDriver (session=\"36a9405c1c3e665c48a29c87c256dc9d\")>\n\n    @pytest.mark.dev\n    @allure.story(\"Тест смены пароля на фронте\")\n    @allure.title(f\"Тест смены пароля для юзера {mail}\")\n    def test_change_password_ui_dev(setup_driver):\n        landing = os.getenv('LANDING_DEV')\n        driver = setup_driver\n        driver.get(landing)\n    \n        change_password_page = ChangePasswordPage(driver)\n    \n        with allure.step(\"Нажать кнопку 'Начать'\"):\n>           change_password_page.click(\n                (By.XPATH, \"//button[contains(@class, 'button button--small button--dark started')]\"))\n\ntests/ui/change_password/test_change_password.py:27: \n_ _ _ _ _ _ _ _ _ _ _ _ _ _ _ _ _ _ _ _ _ _ _ _ _ _ _ _ _ _ _ _ _ _ _ _ _ _ _ _ \nbase/base_page.py:38: in click\n    button = self.wait_until_clickable(locator)\nbase/base_page.py:13: in wait_until_clickable\n    return WebDriverWait(self.driver, timeout).until(EC.element_to_be_clickable(locator))\n_ _ _ _ _ _ _ _ _ _ _ _ _ _ _ _ _ _ _ _ _ _ _ _ _ _ _ _ _ _ _ _ _ _ _ _ _ _ _ _ \n\nself = <selenium.webdriver.support.wait.WebDriverWait (session=\"36a9405c1c3e665c48a29c87c256dc9d\")>\nmethod = <function element_to_be_clickable.<locals>._predicate at 0x7f0fbbedf910>\nmessage = ''\n\n    def until(self, method: Callable[[D], Union[Literal[False], T]], message: str = \"\") -> T:\n        \"\"\"Calls the method provided with the driver as an argument until the \\\n        return value does not evaluate to ``False``.\n    \n        :param method: callable(WebDriver)\n        :param message: optional message for :exc:`TimeoutException`\n        :returns: the result of the last call to `method`\n        :raises: :exc:`selenium.common.exceptions.TimeoutException` if timeout occurs\n        \"\"\"\n        screen = None\n        stacktrace = None\n    \n        end_time = time.monotonic() + self._timeout\n        while True:\n            try:\n                value = method(self._driver)\n                if value:\n                    return value\n            except self._ignored_exceptions as exc:\n                screen = getattr(exc, \"screen\", None)\n                stacktrace = getattr(exc, \"stacktrace\", None)\n            if time.monotonic() > end_time:\n                break\n            time.sleep(self._poll)\n>       raise TimeoutException(message, screen, stacktrace)\nE       selenium.common.exceptions.TimeoutException: Message: \nE       Stacktrace:\nE       #0 0x5654b6af731a <unknown>\nE       #1 0x5654b660d6e0 <unknown>\nE       #2 0x5654b665c3e6 <unknown>\nE       #3 0x5654b665c681 <unknown>\nE       #4 0x5654b66a1b04 <unknown>\nE       #5 0x5654b668048d <unknown>\nE       #6 0x5654b669eed7 <unknown>\nE       #7 0x5654b6680203 <unknown>\nE       #8 0x5654b664ecc0 <unknown>\nE       #9 0x5654b664fc9e <unknown>\nE       #10 0x5654b6ac4d0b <unknown>\nE       #11 0x5654b6ac8c92 <unknown>\nE       #12 0x5654b6ab1b3c <unknown>\nE       #13 0x5654b6ac9807 <unknown>\nE       #14 0x5654b6a970df <unknown>\nE       #15 0x5654b6ae6578 <unknown>\nE       #16 0x5654b6ae6740 <unknown>\nE       #17 0x5654b6af6196 <unknown>\nE       #18 0x7fdf8f294ac3 <unknown>\n\n/opt/hostedtoolcache/Python/3.10.15/x64/lib/python3.10/site-packages/selenium/webdriver/support/wait.py:105: TimeoutException",
  "flaky" : false,
  "newFailed" : false,
  "newBroken" : false,
  "newPassed" : false,
  "retriesCount" : 0,
  "retriesStatusChange" : false,
  "beforeStages" : [ {
    "name" : "setup_driver",
    "time" : {
      "start" : 1732614086220,
      "stop" : 1732614086724,
      "duration" : 504
    },
    "status" : "passed",
    "steps" : [ ],
    "attachments" : [ ],
    "parameters" : [ ],
    "stepsCount" : 0,
    "attachmentsCount" : 0,
    "shouldDisplayMessage" : false,
    "hasContent" : false
  } ],
  "testStage" : {
    "status" : "broken",
    "statusMessage" : "selenium.common.exceptions.TimeoutException: Message: \nStacktrace:\n#0 0x5654b6af731a <unknown>\n#1 0x5654b660d6e0 <unknown>\n#2 0x5654b665c3e6 <unknown>\n#3 0x5654b665c681 <unknown>\n#4 0x5654b66a1b04 <unknown>\n#5 0x5654b668048d <unknown>\n#6 0x5654b669eed7 <unknown>\n#7 0x5654b6680203 <unknown>\n#8 0x5654b664ecc0 <unknown>\n#9 0x5654b664fc9e <unknown>\n#10 0x5654b6ac4d0b <unknown>\n#11 0x5654b6ac8c92 <unknown>\n#12 0x5654b6ab1b3c <unknown>\n#13 0x5654b6ac9807 <unknown>\n#14 0x5654b6a970df <unknown>\n#15 0x5654b6ae6578 <unknown>\n#16 0x5654b6ae6740 <unknown>\n#17 0x5654b6af6196 <unknown>\n#18 0x7fdf8f294ac3 <unknown>",
    "statusTrace" : "setup_driver = <selenium.webdriver.chrome.webdriver.WebDriver (session=\"36a9405c1c3e665c48a29c87c256dc9d\")>\n\n    @pytest.mark.dev\n    @allure.story(\"Тест смены пароля на фронте\")\n    @allure.title(f\"Тест смены пароля для юзера {mail}\")\n    def test_change_password_ui_dev(setup_driver):\n        landing = os.getenv('LANDING_DEV')\n        driver = setup_driver\n        driver.get(landing)\n    \n        change_password_page = ChangePasswordPage(driver)\n    \n        with allure.step(\"Нажать кнопку 'Начать'\"):\n>           change_password_page.click(\n                (By.XPATH, \"//button[contains(@class, 'button button--small button--dark started')]\"))\n\ntests/ui/change_password/test_change_password.py:27: \n_ _ _ _ _ _ _ _ _ _ _ _ _ _ _ _ _ _ _ _ _ _ _ _ _ _ _ _ _ _ _ _ _ _ _ _ _ _ _ _ \nbase/base_page.py:38: in click\n    button = self.wait_until_clickable(locator)\nbase/base_page.py:13: in wait_until_clickable\n    return WebDriverWait(self.driver, timeout).until(EC.element_to_be_clickable(locator))\n_ _ _ _ _ _ _ _ _ _ _ _ _ _ _ _ _ _ _ _ _ _ _ _ _ _ _ _ _ _ _ _ _ _ _ _ _ _ _ _ \n\nself = <selenium.webdriver.support.wait.WebDriverWait (session=\"36a9405c1c3e665c48a29c87c256dc9d\")>\nmethod = <function element_to_be_clickable.<locals>._predicate at 0x7f0fbbedf910>\nmessage = ''\n\n    def until(self, method: Callable[[D], Union[Literal[False], T]], message: str = \"\") -> T:\n        \"\"\"Calls the method provided with the driver as an argument until the \\\n        return value does not evaluate to ``False``.\n    \n        :param method: callable(WebDriver)\n        :param message: optional message for :exc:`TimeoutException`\n        :returns: the result of the last call to `method`\n        :raises: :exc:`selenium.common.exceptions.TimeoutException` if timeout occurs\n        \"\"\"\n        screen = None\n        stacktrace = None\n    \n        end_time = time.monotonic() + self._timeout\n        while True:\n            try:\n                value = method(self._driver)\n                if value:\n                    return value\n            except self._ignored_exceptions as exc:\n                screen = getattr(exc, \"screen\", None)\n                stacktrace = getattr(exc, \"stacktrace\", None)\n            if time.monotonic() > end_time:\n                break\n            time.sleep(self._poll)\n>       raise TimeoutException(message, screen, stacktrace)\nE       selenium.common.exceptions.TimeoutException: Message: \nE       Stacktrace:\nE       #0 0x5654b6af731a <unknown>\nE       #1 0x5654b660d6e0 <unknown>\nE       #2 0x5654b665c3e6 <unknown>\nE       #3 0x5654b665c681 <unknown>\nE       #4 0x5654b66a1b04 <unknown>\nE       #5 0x5654b668048d <unknown>\nE       #6 0x5654b669eed7 <unknown>\nE       #7 0x5654b6680203 <unknown>\nE       #8 0x5654b664ecc0 <unknown>\nE       #9 0x5654b664fc9e <unknown>\nE       #10 0x5654b6ac4d0b <unknown>\nE       #11 0x5654b6ac8c92 <unknown>\nE       #12 0x5654b6ab1b3c <unknown>\nE       #13 0x5654b6ac9807 <unknown>\nE       #14 0x5654b6a970df <unknown>\nE       #15 0x5654b6ae6578 <unknown>\nE       #16 0x5654b6ae6740 <unknown>\nE       #17 0x5654b6af6196 <unknown>\nE       #18 0x7fdf8f294ac3 <unknown>\n\n/opt/hostedtoolcache/Python/3.10.15/x64/lib/python3.10/site-packages/selenium/webdriver/support/wait.py:105: TimeoutException",
    "steps" : [ {
      "name" : "Нажать кнопку 'Начать'",
      "time" : {
        "start" : 1732614087862,
        "stop" : 1732614124373,
        "duration" : 36511
      },
      "status" : "broken",
      "statusMessage" : "selenium.common.exceptions.TimeoutException: Message: \nStacktrace:\n#0 0x5654b6af731a <unknown>\n#1 0x5654b660d6e0 <unknown>\n#2 0x5654b665c3e6 <unknown>\n#3 0x5654b665c681 <unknown>\n#4 0x5654b66a1b04 <unknown>\n#5 0x5654b668048d <unknown>\n#6 0x5654b669eed7 <unknown>\n#7 0x5654b6680203 <unknown>\n#8 0x5654b664ecc0 <unknown>\n#9 0x5654b664fc9e <unknown>\n#10 0x5654b6ac4d0b <unknown>\n#11 0x5654b6ac8c92 <unknown>\n#12 0x5654b6ab1b3c <unknown>\n#13 0x5654b6ac9807 <unknown>\n#14 0x5654b6a970df <unknown>\n#15 0x5654b6ae6578 <unknown>\n#16 0x5654b6ae6740 <unknown>\n#17 0x5654b6af6196 <unknown>\n#18 0x7fdf8f294ac3 <unknown>\n\n",
      "statusTrace" : "  File \"/home/runner/work/aqapp/aqapp/tests/ui/change_password/test_change_password.py\", line 27, in test_change_password_ui_dev\n    change_password_page.click(\n  File \"/home/runner/work/aqapp/aqapp/base/base_page.py\", line 38, in click\n    button = self.wait_until_clickable(locator)\n  File \"/home/runner/work/aqapp/aqapp/base/base_page.py\", line 13, in wait_until_clickable\n    return WebDriverWait(self.driver, timeout).until(EC.element_to_be_clickable(locator))\n  File \"/opt/hostedtoolcache/Python/3.10.15/x64/lib/python3.10/site-packages/selenium/webdriver/support/wait.py\", line 105, in until\n    raise TimeoutException(message, screen, stacktrace)\n",
      "steps" : [ ],
      "attachments" : [ ],
      "parameters" : [ ],
      "stepsCount" : 0,
      "attachmentsCount" : 0,
      "shouldDisplayMessage" : true,
      "hasContent" : true
    } ],
    "attachments" : [ ],
    "parameters" : [ ],
    "stepsCount" : 1,
    "attachmentsCount" : 0,
    "shouldDisplayMessage" : true,
    "hasContent" : true
  },
  "afterStages" : [ {
    "name" : "setup_driver::0",
    "time" : {
      "start" : 1732614124384,
      "stop" : 1732614124453,
      "duration" : 69
    },
    "status" : "passed",
    "steps" : [ ],
    "attachments" : [ ],
    "parameters" : [ ],
    "stepsCount" : 0,
    "attachmentsCount" : 0,
    "shouldDisplayMessage" : false,
    "hasContent" : false
  } ],
  "labels" : [ {
    "name" : "story",
    "value" : "Тест смены пароля на фронте"
  }, {
    "name" : "tag",
    "value" : "dev"
  }, {
    "name" : "parentSuite",
    "value" : "tests.ui.change_password"
  }, {
    "name" : "suite",
    "value" : "test_change_password"
  }, {
    "name" : "host",
    "value" : "fv-az926-607"
  }, {
    "name" : "thread",
    "value" : "2242-MainThread"
  }, {
    "name" : "framework",
    "value" : "pytest"
  }, {
    "name" : "language",
    "value" : "cpython3"
  }, {
    "name" : "package",
    "value" : "tests.ui.change_password.test_change_password"
  }, {
    "name" : "resultFormat",
    "value" : "allure2"
  } ],
  "parameters" : [ ],
  "links" : [ ],
  "hidden" : false,
  "retry" : false,
  "extra" : {
    "severity" : "normal",
    "retries" : [ ],
    "categories" : [ {
      "name" : "Test defects",
      "matchedStatuses" : [ ],
      "flaky" : false
    } ],
    "tags" : [ "dev" ]
  },
  "source" : "d41e17c6a07fccaa.json",
  "parameterValues" : [ ]
}